<?xml version="1.0" encoding="UTF-8"?>
<!-- Generated by org.testng.reporters.JUnitXMLReporter -->
<testsuite ignored="0" hostname="Radhagobinda" failures="0" tests="8" name="API Tests" time="11.057" errors="0" timestamp="2025-08-30T23:15:26 IST">
  <testcase classname="testcases.UserTests" name="testCreateUser" time="4.31"/>
  <testcase classname="testcases.UserTests" name="testDeleteUser" time="0.855"/>
  <testcase classname="testcases.UserTests" name="testGetAllUsers" time="0.9"/>
  <testcase classname="testcases.UserTests" name="testGetUserById" time="0.803"/>
  <testcase classname="testcases.UserTests" name="testGetUsersSorted" time="0.806"/>
  <testcase classname="testcases.UserTests" name="testGetUsersSortedAsc" time="0.821"/>
  <testcase classname="testcases.UserTests" name="testGetUsersWithLimit" time="0.829"/>
  <testcase classname="testcases.UserTests" name="testUpdateUser" time="0.67"/>
</testsuite> <!-- API Tests -->
