<?xml version="1.0" encoding="UTF-8"?>
<!-- Generated by org.testng.reporters.JUnitXMLReporter -->
<testsuite ignored="0" hostname="Radhagobinda" failures="0" tests="3" name="Schema Validation Tests" time="2.641" errors="0" timestamp="2025-08-31T01:48:25 IST">
  <testcase classname="testcases.SchemaTests" name="testCartSchema" time="1.148"/>
  <testcase classname="testcases.SchemaTests" name="testProductSchema" time="0.695"/>
  <testcase classname="testcases.SchemaTests" name="testUserSchema" time="0.775"/>
</testsuite> <!-- Schema Validation Tests -->
