<?xml version="1.0" encoding="UTF-8"?>
<!-- Generated by org.testng.reporters.JUnitXMLReporter -->
<testsuite ignored="0" hostname="Radhagobinda" failures="0" tests="15" name="Product API Tests" time="14.501" errors="0" timestamp="2025-08-31T01:51:22 IST">
  <testcase classname="testcases.ProductTests" name="testAddNewProduct" time="0.753"/>
  <testcase classname="testcases.ProductTests" name="testDeleteProduct" time="0.738"/>
  <testcase classname="testcases.ProductTests" name="testGetAllCategories" time="0.624"/>
  <testcase classname="testcases.ProductTests" name="testGetAllProducts" time="0.676"/>
  <testcase classname="testcases.ProductTests" name="testGetLimitedProducts" time="0.706"/>
  <testcase classname="testcases.ProductTests" name="testGetProductsByCategory" time="0.87"/>
  <testcase classname="testcases.ProductTests" name="testGetSingleProductById" time="0.613"/>
  <testcase classname="testcases.ProductTests" name="testGetSortedProductsAsc" time="0.76"/>
  <testcase classname="testcases.ProductTests" name="testGetSortedProductsDesc" time="0.687"/>
  <testcase classname="testcases.ProductTests" name="testUpdateProduct" time="0.646"/>
  <testcase classname="testcases.ProductDataDrivenTest" name="testAddNewProduct" time="1.449"/>
  <testcase classname="testcases.ProductDataDrivenTest" name="testAddNewProduct" time="1.465"/>
  <testcase classname="testcases.ProductDataDrivenTest" name="testAddNewProduct" time="1.466"/>
  <testcase classname="testcases.ProductDataDrivenTest" name="testAddNewProduct" time="1.5"/>
  <testcase classname="testcases.ProductDataDrivenTest" name="testAddNewProduct" time="1.449"/>
</testsuite> <!-- Product API Tests -->
