<?xml version="1.0" encoding="UTF-8"?>
<!-- Generated by org.testng.reporters.JUnitXMLReporter -->
<testsuite ignored="0" hostname="Radhagobinda" failures="0" tests="8" name="User API Tests" time="11.821" errors="0" timestamp="2025-08-31T01:51:08 IST">
  <testcase classname="testcases.UserTests" name="testCreateUser" time="4.955"/>
  <testcase classname="testcases.UserTests" name="testDeleteUser" time="0.854"/>
  <testcase classname="testcases.UserTests" name="testGetAllUsers" time="0.872"/>
  <testcase classname="testcases.UserTests" name="testGetUserById" time="0.748"/>
  <testcase classname="testcases.UserTests" name="testGetUsersSorted" time="0.863"/>
  <testcase classname="testcases.UserTests" name="testGetUsersSortedAsc" time="0.793"/>
  <testcase classname="testcases.UserTests" name="testGetUsersWithLimit" time="0.824"/>
  <testcase classname="testcases.UserTests" name="testUpdateUser" time="0.736"/>
</testsuite> <!-- User API Tests -->
