<?xml version="1.0" encoding="UTF-8"?>
<testsuite xmlns:xsi="http://www.w3.org/2001/XMLSchema-instance" xsi:noNamespaceSchemaLocation="https://maven.apache.org/surefire/maven-surefire-plugin/xsd/surefire-test-report-3.0.xsd" version="3.0" name="TestSuite" time="33.723" tests="29" errors="0" skipped="0" failures="0">
  <properties>
[...]
</properties>
  <testcase name="testCreateUser" classname="testcases.UserTests" time="5.088">
    <system-out><![CDATA[Logging initialized â†’ ./logs/test_logging_1756585256981.log
{
    "id": 11
}
Generated UserID=====:11
]]></system-out>
    <system-err><![CDATA[SLF4J: Failed to load class "org.slf4j.impl.StaticLoggerBinder".
SLF4J: Defaulting to no-operation (NOP) logger implementation
SLF4J: See http://www.slf4j.org/codes.html#StaticLoggerBinder for further details.
]]></system-err>
  </testcase>
  <testcase name="testDeleteUser" classname="testcases.UserTests" time="0.857"/>
  <testcase name="testGetAllUsers" classname="testcases.UserTests" time="0.905">
    <system-out><![CDATA[[
    {
        "address": {
            "geolocation": {
                "lat": "-37.3159",
                "long": "81.1496"
            },
            "city": "kilcoole",
            "street": "new road",
            "number": 7682,
            "zipcode": "12926-3874"
        },
        "id": 1,
        "email": "john@gmail.com",
        "username": "johnd",
        "password": "m38rmF$",
        "name": {
            "firstname": "john",
            "lastname": "doe"
        },
        "phone": "1-570-236-7033",
        "__v": 0
    },
    {
        "address": {
            "geolocation": {
                "lat": "-37.3159",
                "long": "81.1496"
            },
            "city": "kilcoole",
            "street": "Lovers Ln",
            "number": 7267,
            "zipcode": "12926-3874"
        },
        "id": 2,
        "email": "morrison@gmail.com",
        "username": "mor_2314",
        "password": "83r5^_",
        "name": {
            "firstname": "david",
            "lastname": "morrison"
        },
        "phone": "1-570-236-7033",
        "__v": 0
    },
    {
        "address": {
            "geolocation": {
                "lat": "40.3467",
                "long": "-30.1310"
            },
            "city": "Cullman",
            "street": "Frances Ct",
            "number": 86,
            "zipcode": "29567-1452"
        },
        "id": 3,
        "email": "kevin@gmail.com",
        "username": "kevinryan",
        "password": "kev02937@",
        "name": {
            "firstname": "kevin",
            "lastname": "ryan"
        },
        "phone": "1-567-094-1345",
        "__v": 0
    },
    {
        "address": {
            "geolocation": {
                "lat": "50.3467",
                "long": "-20.1310"
            },
            "city": "San Antonio",
            "street": "Hunters Creek Dr",
            "number": 6454,
            "zipcode": "98234-1734"
        },
        "id": 4,
        "email": "don@gmail.com",
        "username": "donero",
        "password": "ewedon",
        "name": {
            "firstname": "don",
            "lastname": "romer"
        },
        "phone": "1-765-789-6734",
        "__v": 0
    },
    {
        "address": {
            "geolocation": {
                "lat": "40.3467",
                "long": "-40.1310"
            },
            "city": "san Antonio",
            "street": "adams St",
            "number": 245,
            "zipcode": "80796-1234"
        },
        "id": 5,
        "email": "derek@gmail.com",
        "username": "derek",
        "password": "jklg*_56",
        "name": {
            "firstname": "derek",
            "lastname": "powell"
        },
        "phone": "1-956-001-1945",
        "__v": 0
    },
    {
        "address": {
            "geolocation": {
                "lat": "20.1677",
                "long": "-10.6789"
            },
            "city": "el paso",
            "street": "prospect st",
            "number": 124,
            "zipcode": "12346-0456"
        },
        "id": 6,
        "email": "david_r@gmail.com",
        "username": "david_r",
        "password": "3478*#54",
        "name": {
            "firstname": "david",
            "lastname": "russell"
        },
        "phone": "1-678-345-9856",
        "__v": 0
    },
    {
        "address": {
            "geolocation": {
                "lat": "10.3456",
                "long": "20.6419"
            },
            "city": "fresno",
            "street": "saddle st",
            "number": 1342,
            "zipcode": "96378-0245"
        },
        "id": 7,
        "email": "miriam@gmail.com",
        "username": "snyder",
        "password": "f238&@*$",
        "name": {
            "firstname": "miriam",
            "lastname": "snyder"
        },
        "phone": "1-123-943-0563",
        "__v": 0
    },
    {
        "address": {
            "geolocation": {
                "lat": "50.3456",
                "long": "10.6419"
            },
            "city": "mesa",
            "street": "vally view ln",
            "number": 1342,
            "zipcode": "96378-0245"
        },
        "id": 8,
        "email": "william@gmail.com",
        "username": "hopkins",
        "password": "William56$hj",
        "name": {
            "firstname": "william",
            "lastname": "hopkins"
        },
        "phone": "1-478-001-0890",
        "__v": 0
    },
    {
        "address": {
            "geolocation": {
                "lat": "40.12456",
                "long": "20.5419"
            },
            "city": "miami",
            "street": "avondale ave",
            "number": 345,
            "zipcode": "96378-0245"
        },
        "id": 9,
        "email": "kate@gmail.com",
        "username": "kate_h",
        "password": "kfejk@*_",
        "name": {
            "firstname": "kate",
            "lastname": "hale"
        },
        "phone": "1-678-456-1934",
        "__v": 0
    },
    {
        "address": {
            "geolocation": {
                "lat": "30.24788",
                "long": "-20.545419"
            },
            "city": "fort wayne",
            "street": "oak lawn ave",
            "number": 526,
            "zipcode": "10256-4532"
        },
        "id": 10,
        "email": "jimmie@gmail.com",
        "username": "jimmie_k",
        "password": "klein*#%*",
        "name": {
            "firstname": "jimmie",
            "lastname": "klein"
        },
        "phone": "1-104-001-4567",
        "__v": 0
    }
]
]]></system-out>
  </testcase>
  <testcase name="testGetUserById" classname="testcases.UserTests" time="0.789">
    <system-out><![CDATA[{
    "address": {
        "geolocation": {
            "lat": "-37.3159",
            "long": "81.1496"
        },
        "city": "kilcoole",
        "street": "new road",
        "number": 7682,
        "zipcode": "12926-3874"
    },
    "id": 1,
    "email": "john@gmail.com",
    "username": "johnd",
    "password": "m38rmF$",
    "name": {
        "firstname": "john",
        "lastname": "doe"
    },
    "phone": "1-570-236-7033",
    "__v": 0
}
]]></system-out>
  </testcase>
  <testcase name="testGetUsersSorted" classname="testcases.UserTests" time="0.799"/>
  <testcase name="testGetUsersSortedAsc" classname="testcases.UserTests" time="0.795"/>
  <testcase name="testGetUsersWithLimit" classname="testcases.UserTests" time="0.841">
    <system-out><![CDATA[[
    {
        "address": {
            "geolocation": {
                "lat": "-37.3159",
                "long": "81.1496"
            },
            "city": "kilcoole",
            "street": "new road",
            "number": 7682,
            "zipcode": "12926-3874"
        },
        "id": 1,
        "email": "john@gmail.com",
        "username": "johnd",
        "password": "m38rmF$",
        "name": {
            "firstname": "john",
            "lastname": "doe"
        },
        "phone": "1-570-236-7033",
        "__v": 0
    },
    {
        "address": {
            "geolocation": {
                "lat": "-37.3159",
                "long": "81.1496"
            },
            "city": "kilcoole",
            "street": "Lovers Ln",
            "number": 7267,
            "zipcode": "12926-3874"
        },
        "id": 2,
        "email": "morrison@gmail.com",
        "username": "mor_2314",
        "password": "83r5^_",
        "name": {
            "firstname": "david",
            "lastname": "morrison"
        },
        "phone": "1-570-236-7033",
        "__v": 0
    },
    {
        "address": {
            "geolocation": {
                "lat": "40.3467",
                "long": "-30.1310"
            },
            "city": "Cullman",
            "street": "Frances Ct",
            "number": 86,
            "zipcode": "29567-1452"
        },
        "id": 3,
        "email": "kevin@gmail.com",
        "username": "kevinryan",
        "password": "kev02937@",
        "name": {
            "firstname": "kevin",
            "lastname": "ryan"
        },
        "phone": "1-567-094-1345",
        "__v": 0
    }
]
]]></system-out>
  </testcase>
  <testcase name="testUpdateUser" classname="testcases.UserTests" time="0.737">
    <system-out><![CDATA[{
    "email": "kenyetta.dach@hotmail.com",
    "username": "buster.lynch",
    "password": "1ususq67l2",
    "name": {
        "firstname": "Jeffrey",
        "lastname": "Strosin"
    },
    "address": {
        "city": "West Tanesha",
        "street": "Barton Pike",
        "number": 7,
        "zipcode": "62779",
        "geolocation": {
            "lat": "42.021677",
            "lng": "-31.714780"
        }
    },
    "phone": "1-372-131-0799"
}
]]></system-out>
  </testcase>
  <testcase name="testAddNewProduct" classname="testcases.ProductTests" time="0.751">
    <system-out><![CDATA[Logging initialized â†’ ./logs/test_logging_1756585268428.log
New Product ID: 21
]]></system-out>
  </testcase>
  <testcase name="testDeleteProduct" classname="testcases.ProductTests" time="0.741"/>
  <testcase name="testGetAllCategories" classname="testcases.ProductTests" time="0.625"/>
  <testcase name="testGetAllProducts" classname="testcases.ProductTests" time="0.678"/>
  <testcase name="testGetLimitedProducts" classname="testcases.ProductTests" time="0.708"/>
  <testcase name="testGetProductsByCategory" classname="testcases.ProductTests" time="0.871"/>
  <testcase name="testGetSingleProductById" classname="testcases.ProductTests" time="0.625">
    <system-out><![CDATA[{
    "id": 1,
    "title": "Fjallraven - Foldsack No. 1 Backpack, Fits 15 Laptops",
    "price": 109.95,
    "description": "Your perfect pack for everyday use and walks in the forest. Stash your laptop (up to 15 inches) in the padded sleeve, your everyday",
    "category": "men's clothing",
    "image": "https://fakestoreapi.com/img/81fPKd-2AYL._AC_SL1500_t.png",
    "rating": {
        "rate": 3.9,
        "count": 120
    }
}
]]></system-out>
  </testcase>
  <testcase name="testGetSortedProductsAsc" classname="testcases.ProductTests" time="0.763"/>
  <testcase name="testGetSortedProductsDesc" classname="testcases.ProductTests" time="0.691"/>
  <testcase name="testUpdateProduct" classname="testcases.ProductTests" time="0.646"/>
  <testcase name="testAddNewProduct[{title=Wireless Mouse, price=25.99, description=Ergonomic wireless mouse with adjustable DPI., image=https://i.pravatar.cc/100, category=electronic}](1)" classname="testcases.ProductDataDrivenTest" time="1.449">
    <system-out><![CDATA[Logging initialized â†’ ./logs/test_logging_1756585275545.log
{
    "id": 21,
    "title": "Wireless Mouse",
    "price": 25.99,
    "description": "Ergonomic wireless mouse with adjustable DPI.",
    "image": "https://i.pravatar.cc/100",
    "category": "electronic"
}
Product ID======> 21
Deleted Product ID======> 21
]]></system-out>
  </testcase>
  <testcase name="testAddNewProduct[{title=Gaming Keyboard, price=49.99, description=Mechanical gaming keyboard with RGB backlight., image=https://i.pravatar.cc/101, category=electronic}](2)" classname="testcases.ProductDataDrivenTest" time="1.467">
    <system-out><![CDATA[{
    "id": 21,
    "title": "Gaming Keyboard",
    "price": 49.99,
    "description": "Mechanical gaming keyboard with RGB backlight.",
    "image": "https://i.pravatar.cc/101",
    "category": "electronic"
}
Product ID======> 21
Deleted Product ID======> 21
]]></system-out>
  </testcase>
  <testcase name="testAddNewProduct[{title=Bluetooth Headphones, price=79.99, description=Noise-canceling over-ear headphones with deep bass., image=https://i.pravatar.cc/102, category=electronics}](3)" classname="testcases.ProductDataDrivenTest" time="1.468">
    <system-out><![CDATA[{
    "id": 21,
    "title": "Bluetooth Headphones",
    "price": 79.99,
    "description": "Noise-canceling over-ear headphones with deep bass.",
    "image": "https://i.pravatar.cc/102",
    "category": "electronics"
}
Product ID======> 21
Deleted Product ID======> 21
]]></system-out>
  </testcase>
  <testcase name="testAddNewProduct[{title=Smart Watch, price=129.99, description=Fitness smartwatch with heart rate monitor and GPS., image=https://i.pravatar.cc/103, category=wearables}](4)" classname="testcases.ProductDataDrivenTest" time="1.501">
    <system-out><![CDATA[{
    "id": 21,
    "title": "Smart Watch",
    "price": 129.99,
    "description": "Fitness smartwatch with heart rate monitor and GPS.",
    "image": "https://i.pravatar.cc/103",
    "category": "wearables"
}
Product ID======> 21
Deleted Product ID======> 21
]]></system-out>
  </testcase>
  <testcase name="testAddNewProduct[{title=Portable Speaker, price=39.99, description=Waterproof Bluetooth speaker with 12-hour battery life., image=https://i.pravatar.cc/104, category=audio}](5)" classname="testcases.ProductDataDrivenTest" time="1.455">
    <system-out><![CDATA[{
    "id": 21,
    "title": "Portable Speaker",
    "price": 39.99,
    "description": "Waterproof Bluetooth speaker with 12-hour battery life.",
    "image": "https://i.pravatar.cc/104",
    "category": "audio"
}
Product ID======> 21
Deleted Product ID======> 21
]]></system-out>
  </testcase>
  <testcase name="testCreateCart" classname="testcases.CartTests" time="0.713">
    <system-out><![CDATA[Logging initialized â†’ ./logs/test_logging_1756585282999.log
{
    "id": 11,
    "userId": 1,
    "date": "2025-08-31",
    "products": [
        {
            "productId": 41,
            "quantity": 10
        }
    ]
}
]]></system-out>
  </testcase>
  <testcase name="testInvalidUserLogin" classname="testcases.LoginTests" time="1.046">
    <system-out><![CDATA[Logging initialized â†’ ./logs/test_logging_1756585283783.log
<html>
  <body>username or password is incorrect</body>
</html>
]]></system-out>
  </testcase>
  <testcase name="testValidUserLogin" classname="testcases.LoginTests" time="0.832">
    <system-out><![CDATA[{
    "token": "eyJhbGciOiJIUzI1NiIsInR5cCI6IkpXVCJ9.eyJzdWIiOjIsInVzZXIiOiJtb3JfMjMxNCIsImlhdCI6MTc1NjU4NTI4OH0.2yJPSZja3zV-eP5k7HDCzMqWVhhKPqwqrHUn6_QJCSk"
}
]]></system-out>
  </testcase>
  <testcase name="testCartSchema" classname="testcases.SchemaTests" time="1.238">
    <system-out><![CDATA[Logging initialized â†’ ./logs/test_logging_1756585285703.log
]]></system-out>
  </testcase>
  <testcase name="testProductSchema" classname="testcases.SchemaTests" time="0.665"/>
  <testcase name="testUserSchema" classname="testcases.SchemaTests" time="0.738"/>
</testsuite>