<?xml version="1.0" encoding="UTF-8"?>
<!-- Generated by org.testng.reporters.JUnitReportReporter -->
<testsuite hostname="Radhagobinda" failures="0" tests="8" name="testcases.UserTests" time="10.412" errors="0" timestamp="2025-08-31T01:48:26 IST" skipped="0">
  <testcase classname="testcases.UserTests" name="testCreateUser" time="4.664"/>
  <testcase classname="testcases.UserTests" name="testGetUserById" time="0.826"/>
  <testcase classname="testcases.UserTests" name="testGetUsersWithLimit" time="0.838"/>
  <testcase classname="testcases.UserTests" name="testUpdateUser" time="0.686"/>
  <testcase classname="testcases.UserTests" name="testDeleteUser" time="0.897"/>
  <testcase classname="testcases.UserTests" name="testGetUsersSorted" time="0.832"/>
  <testcase classname="testcases.UserTests" name="testGetAllUsers" time="0.866"/>
  <testcase classname="testcases.UserTests" name="testGetUsersSortedAsc" time="0.803"/>
</testsuite> <!-- testcases.UserTests -->
