<?xml version="1.0" encoding="UTF-8"?>
<!-- Generated by org.testng.reporters.JUnitReportReporter -->
<testsuite hostname="Radhagobinda" failures="0" tests="3" name="testcases.SchemaTests" time="2.618" errors="0" timestamp="2025-08-31T01:48:26 IST" skipped="0">
  <testcase classname="testcases.SchemaTests" name="testProductSchema" time="0.695"/>
  <testcase classname="testcases.SchemaTests" name="testUserSchema" time="0.775"/>
  <testcase classname="testcases.SchemaTests" name="testCartSchema" time="1.148"/>
</testsuite> <!-- testcases.SchemaTests -->
