<?xml version="1.0" encoding="UTF-8"?>
<!-- Generated by org.testng.reporters.JUnitReportReporter -->
<testsuite hostname="Radhagobinda" failures="0" tests="10" name="testcases.ProductTests" time="7.558" errors="0" timestamp="2025-08-31T01:48:26 IST" skipped="0">
  <testcase classname="testcases.ProductTests" name="testAddNewProduct" time="0.808"/>
  <testcase classname="testcases.ProductTests" name="testGetSingleProductById" time="0.701"/>
  <testcase classname="testcases.ProductTests" name="testGetAllProducts" time="0.707"/>
  <testcase classname="testcases.ProductTests" name="testGetSortedProductsDesc" time="0.716"/>
  <testcase classname="testcases.ProductTests" name="testUpdateProduct" time="0.734"/>
  <testcase classname="testcases.ProductTests" name="testDeleteProduct" time="0.793"/>
  <testcase classname="testcases.ProductTests" name="testGetLimitedProducts" time="0.686"/>
  <testcase classname="testcases.ProductTests" name="testGetSortedProductsAsc" time="0.776"/>
  <testcase classname="testcases.ProductTests" name="testGetProductsByCategory" time="0.864"/>
  <testcase classname="testcases.ProductTests" name="testGetAllCategories" time="0.773"/>
</testsuite> <!-- testcases.ProductTests -->
