<?xml version="1.0" encoding="UTF-8"?>
<!-- Generated by org.testng.reporters.JUnitReportReporter -->
<testsuite hostname="Radhagobinda" failures="0" tests="5" name="testcases.ProductDataDrivenTest" time="7.307" errors="0" timestamp="2025-08-31T01:48:26 IST" skipped="0">
  <testcase classname="testcases.ProductDataDrivenTest" name="testAddNewProduct" time="1.461"/>
  <testcase classname="testcases.ProductDataDrivenTest" name="testAddNewProduct" time="1.508"/>
  <testcase classname="testcases.ProductDataDrivenTest" name="testAddNewProduct" time="1.420"/>
  <testcase classname="testcases.ProductDataDrivenTest" name="testAddNewProduct" time="1.448"/>
  <testcase classname="testcases.ProductDataDrivenTest" name="testAddNewProduct" time="1.470"/>
</testsuite> <!-- testcases.ProductDataDrivenTest -->
