<?xml version="1.0" encoding="UTF-8"?>
<!-- Generated by org.testng.reporters.JUnitReportReporter -->
<testsuite hostname="Radhagobinda" failures="0" tests="8" name="testcases.UserTests" time="10.645" errors="0" timestamp="2025-08-31T01:51:28 IST" skipped="0">
  <testcase classname="testcases.UserTests" name="testCreateUser" time="4.955"/>
  <testcase classname="testcases.UserTests" name="testGetUserById" time="0.748"/>
  <testcase classname="testcases.UserTests" name="testUpdateUser" time="0.736"/>
  <testcase classname="testcases.UserTests" name="testDeleteUser" time="0.854"/>
  <testcase classname="testcases.UserTests" name="testGetUsersSortedAsc" time="0.793"/>
  <testcase classname="testcases.UserTests" name="testGetUsersWithLimit" time="0.824"/>
  <testcase classname="testcases.UserTests" name="testGetAllUsers" time="0.872"/>
  <testcase classname="testcases.UserTests" name="testGetUsersSorted" time="0.863"/>
</testsuite> <!-- testcases.UserTests -->
