<?xml version="1.0" encoding="UTF-8"?>
<!-- Generated by org.testng.reporters.JUnitReportReporter -->
<testsuite hostname="Radhagobinda" failures="0" tests="5" name="testcases.ProductDataDrivenTest" time="7.329" errors="0" timestamp="2025-08-31T01:51:28 IST" skipped="0">
  <testcase classname="testcases.ProductDataDrivenTest" name="testAddNewProduct" time="1.465"/>
  <testcase classname="testcases.ProductDataDrivenTest" name="testAddNewProduct" time="1.466"/>
  <testcase classname="testcases.ProductDataDrivenTest" name="testAddNewProduct" time="1.500"/>
  <testcase classname="testcases.ProductDataDrivenTest" name="testAddNewProduct" time="1.449"/>
  <testcase classname="testcases.ProductDataDrivenTest" name="testAddNewProduct" time="1.449"/>
</testsuite> <!-- testcases.ProductDataDrivenTest -->
