<?xml version="1.0" encoding="UTF-8"?>
<!-- Generated by org.testng.reporters.JUnitReportReporter -->
<testsuite hostname="Radhagobinda" failures="0" tests="10" name="testcases.ProductTests" time="7.073" errors="0" timestamp="2025-08-31T01:51:28 IST" skipped="0">
  <testcase classname="testcases.ProductTests" name="testGetSingleProductById" time="0.613"/>
  <testcase classname="testcases.ProductTests" name="testUpdateProduct" time="0.646"/>
  <testcase classname="testcases.ProductTests" name="testGetProductsByCategory" time="0.870"/>
  <testcase classname="testcases.ProductTests" name="testAddNewProduct" time="0.753"/>
  <testcase classname="testcases.ProductTests" name="testGetAllProducts" time="0.676"/>
  <testcase classname="testcases.ProductTests" name="testGetLimitedProducts" time="0.706"/>
  <testcase classname="testcases.ProductTests" name="testGetAllCategories" time="0.624"/>
  <testcase classname="testcases.ProductTests" name="testGetSortedProductsDesc" time="0.687"/>
  <testcase classname="testcases.ProductTests" name="testDeleteProduct" time="0.738"/>
  <testcase classname="testcases.ProductTests" name="testGetSortedProductsAsc" time="0.760"/>
</testsuite> <!-- testcases.ProductTests -->
