<?xml version="1.0" encoding="UTF-8"?>
<!-- Generated by org.testng.reporters.JUnitReportReporter -->
<testsuite hostname="Radhagobinda" failures="0" tests="3" name="testcases.SchemaTests" time="2.634" errors="0" timestamp="2025-08-31T01:51:28 IST" skipped="0">
  <testcase classname="testcases.SchemaTests" name="testProductSchema" time="0.660"/>
  <testcase classname="testcases.SchemaTests" name="testUserSchema" time="0.736"/>
  <testcase classname="testcases.SchemaTests" name="testCartSchema" time="1.238"/>
</testsuite> <!-- testcases.SchemaTests -->
